number,value,datetime_start,datetime_complete,duration,params_colsample_bytree,params_gamma,params_learning_rate,params_max_depth,params_n_estimators,params_reg_alpha,params_reg_lambda,params_subsample,state
189,2.343606102439364,2026-06-02 18:14:55.984699,2026-06-02 18:14:57.936724,0 days 00:00:01.952025,0.5299782098925258,3.919916802542625,0.016966404735004607,6,437,0.41145887612214105,1.8123134101108744,0.6660619525384857,PRUNED
190,2.2017898082675953,2026-06-02 18:14:57.945723,2026-06-02 18:14:58.979672,0 days 00:00:01.033949,0.5034839977123413,2.9875669257532933,0.012371650135110735,2,427,0.3293562632837901,1.297738500494437,0.6557323695869283,PRUNED
191,2.181305193844759,2026-06-02 18:14:58.987672,2026-06-02 18:15:00.280027,0 days 00:00:01.292355,0.568953635360583,2.9724462880777107,0.01001632668341133,4,331,0.7087445885006765,0.12588162239207312,0.6378508769329643,PRUNED
192,2.184913554343274,2026-06-02 18:15:00.289028,2026-06-02 18:15:01.531111,0 days 00:00:01.242083,0.6788044265253378,1.7602701010252209,0.011890566280063786,3,419,0.009852272298645576,1.484114298565088,0.7344657101279076,PRUNED
193,2.484734458140249,2026-06-02 18:15:01.540108,2026-06-02 18:15:03.847784,0 days 00:00:02.307676,0.5295885401424981,4.824102079310498,0.017330299355876023,3,282,0.07493073425335312,0.1504178879109912,0.55553678734463,COMPLETE
194,2.223583449433625,2026-06-02 18:15:03.855786,2026-06-02 18:15:06.244083,0 days 00:00:02.388297,0.515513625366017,2.9720873409441966,0.01213678561782382,5,546,0.8744730822399396,0.049962110550309746,0.5635988128651187,PRUNED
195,2.385935583857378,2026-06-02 18:15:06.253083,2026-06-02 18:15:06.895086,0 days 00:00:00.642003,0.5108094597019784,1.4088462422058308,0.013726172885230776,5,140,0.04453799348281391,0.3564215259870358,0.6934791930543994,PRUNED
196,2.4796591233936436,2026-06-02 18:15:06.904083,2026-06-02 18:15:09.645108,0 days 00:00:02.741025,0.6156981546899002,3.3397869678816456,0.012258627820611752,4,265,0.881989970337693,1.8558693915360431,0.833873658458409,COMPLETE
197,2.3310036611121463,2026-06-02 18:15:09.653107,2026-06-02 18:15:10.642835,0 days 00:00:00.989728,0.5146602168214317,4.9365262511180195,0.029295168400590904,5,245,0.24324586172119417,0.3342505077954317,0.5478056445101765,PRUNED
198,2.3648170180356893,2026-06-02 18:15:10.651834,2026-06-02 18:15:11.423471,0 days 00:00:00.771637,0.5126018987770973,4.162542000048806,0.01069954750251681,2,351,0.47699083265225956,0.27121475626969627,0.6550635555238259,PRUNED
199,2.324291136769147,2026-06-02 18:15:11.432468,2026-06-02 18:15:12.414982,0 days 00:00:00.982514,0.6739921042383996,4.900799678403355,0.018650847262836032,5,240,0.5892786074980668,1.7251975339407097,0.867192805041269,PRUNED
200,2.4943940330332377,2026-06-02 18:15:12.423982,2026-06-02 18:15:14.385091,0 days 00:00:01.961109,0.5833186604689602,4.8828887600034205,0.017943517755290718,3,226,0.11416053090965837,0.3625983460404251,0.6116854908284225,COMPLETE
201,2.1949013401773856,2026-06-02 18:15:14.394092,2026-06-02 18:15:15.023982,0 days 00:00:00.629890,0.548894235271739,3.9754086086465232,0.02011957617410898,3,177,0.7443990134313662,1.6299734882493349,0.797065650490224,PRUNED
202,2.4955059511461597,2026-06-02 18:15:15.032982,2026-06-02 18:15:16.725158,0 days 00:00:01.692176,0.5259446829164921,3.5094956332383567,0.025606537525470485,3,199,0.9864840824344456,0.609766650949439,0.9723559718368925,COMPLETE
203,2.2024959459128177,2026-06-02 18:15:16.734158,2026-06-02 18:15:17.762316,0 days 00:00:01.028158,0.6317010347481155,3.0905753737496084,0.016307532772035515,5,208,1.0306839986829988,1.6826225548904448,0.8588727579583668,PRUNED
204,2.322619596489279,2026-06-02 18:15:17.771824,2026-06-02 18:15:19.867893,0 days 00:00:02.096069,0.528509081241046,2.5382738454316645,0.012125401943579344,6,475,0.6575099638877318,1.8970938095686407,0.8155529485699207,PRUNED
205,2.199990558393252,2026-06-02 18:15:19.875892,2026-06-02 18:15:21.776002,0 days 00:00:01.900110,0.5811081469405068,3.050522296862823,0.015219108044701026,4,527,0.1638899476459612,1.4039654432641366,0.7217522456179005,PRUNED
206,2.19003589245579,2026-06-02 18:15:21.785001,2026-06-02 18:15:22.722000,0 days 00:00:00.936999,0.5300001871395511,4.847738585677401,0.015924679621311794,2,382,0.11120924834921608,0.05231792561056041,0.6186776831329599,PRUNED
207,2.3211026712002623,2026-06-02 18:15:22.731002,2026-06-02 18:15:24.158863,0 days 00:00:01.427861,0.5923262558396388,2.472731492544029,0.016511973931043648,5,382,0.28332335612199394,0.46975575592010177,0.9469971913230576,PRUNED
208,2.3732949221858326,2026-06-02 18:15:24.167861,2026-06-02 18:15:25.526373,0 days 00:00:01.358512,0.5084576880186107,3.3817336170594436,0.029942336187491373,5,363,0.5499438284198164,0.12397526062545304,0.6902797735638767,PRUNED
209,2.475740859020341,2026-06-02 18:15:25.535374,2026-06-02 18:15:29.814857,0 days 00:00:04.279483,0.6082845020270651,3.73706204946717,0.012131688944191468,4,431,0.7655740410444796,1.9020732023898799,0.8581494748789392,COMPLETE
210,2.191720911773341,2026-06-02 18:15:29.823858,2026-06-02 18:15:30.876935,0 days 00:00:01.053077,0.716086307423206,4.029893010671511,0.02392039249302278,2,366,1.2659073799490765,1.4378936957585224,0.711859032228979,PRUNED
211,2.180492902168447,2026-06-02 18:15:30.885935,2026-06-02 18:15:31.818072,0 days 00:00:00.932137,0.6195707654750232,3.9175634407637543,0.014388746513775117,3,260,0.6748159599862741,1.938414733637104,0.9016116540443918,PRUNED
212,2.195637085512819,2026-06-02 18:15:31.828072,2026-06-02 18:15:32.709194,0 days 00:00:00.881122,0.5067319090878459,4.821566489819443,0.011796257573785706,3,271,0.38786586817407703,0.02085576571379677,0.9978168639904251,PRUNED
213,2.218307226384928,2026-06-02 18:15:32.717192,2026-06-02 18:15:34.693762,0 days 00:00:01.976570,0.5318644997787428,3.654173300740949,0.012406926812709548,5,442,0.9547717198466182,0.42035860060862223,0.8456571734911786,PRUNED
214,2.189455325335255,2026-06-02 18:15:34.702763,2026-06-02 18:15:36.022910,0 days 00:00:01.320147,0.5270544738817924,4.2019037438052855,0.014598756964884935,5,277,0.4302988672033691,0.058519985512061036,0.502838769417994,PRUNED
215,2.488615664830641,2026-06-02 18:15:36.031907,2026-06-02 18:15:39.258818,0 days 00:00:03.226911,0.5139126905285466,4.6542226307193095,0.013842588432216899,3,429,0.014353709746905197,1.551785585883462,0.8121299564229194,COMPLETE
216,2.1809414109148784,2026-06-02 18:15:39.267819,2026-06-02 18:15:40.796050,0 days 00:00:01.528231,0.583769525219242,3.738400245574468,0.012803049428451407,2,684,0.016340981672545794,0.38668760911284206,0.6096035310545352,PRUNED
217,2.4731842479862367,2026-06-02 18:15:40.805051,2026-06-02 18:15:44.819474,0 days 00:00:04.014423,0.6194753049995558,3.8683592356413783,0.012134650042688894,4,406,0.5910334588902415,1.9800646146264946,0.7628694936589693,COMPLETE
218,2.2038189365216945,2026-06-02 18:15:44.828472,2026-06-02 18:15:46.816069,0 days 00:00:01.987597,0.5758027444254142,3.3860079319153247,0.011451552932401063,5,445,0.33065866790304727,1.9329020569704778,0.7579708455520637,PRUNED
219,2.7583501413639895,2026-06-02 18:15:46.825068,2026-06-02 18:15:49.028030,0 days 00:00:02.202962,0.9264575874863186,1.2694564615063417,0.2559297340929488,6,729,0.38892372899358063,1.4393886525133197,0.6053226565448548,PRUNED
220,2.318147262961017,2026-06-02 18:15:49.037029,2026-06-02 18:15:50.830227,0 days 00:00:01.793198,0.540600660072401,2.4323839752252967,0.014025919660112619,5,486,0.010263470239745831,0.20429665297985194,0.6670717352573478,PRUNED
221,2.3034127037674104,2026-06-02 18:15:50.838229,2026-06-02 18:15:52.198870,0 days 00:00:01.360641,0.6713514798747391,3.188114655775662,0.01432759334624951,4,442,0.5274122489596547,1.5071726009722728,0.8596163764049032,PRUNED
222,2.182341422857974,2026-06-02 18:15:52.207871,2026-06-02 18:15:53.575427,0 days 00:00:01.367556,0.6420837271160291,2.986051354445472,0.010201917279600379,4,360,0.43951671574981327,0.6368181574984895,0.9694891398905345,PRUNED
223,2.4742380785939124,2026-06-02 18:15:53.584426,2026-06-02 18:15:54.088944,0 days 00:00:00.504518,0.7517946296761517,3.801799155869588,0.01112809640976806,3,165,1.5747636143603616,1.7326320249268483,0.957965967006101,PRUNED
224,2.4783706393732094,2026-06-02 18:15:54.096944,2026-06-02 18:15:59.234118,0 days 00:00:05.137174,0.606111105981853,4.264584579802151,0.011064637889314602,4,534,1.1687873955995722,1.5865680092587346,0.8128035905865351,COMPLETE
225,2.2882033920196663,2026-06-02 18:15:59.242118,2026-06-02 18:16:00.201679,0 days 00:00:00.959561,0.7149519292324393,3.50409283258436,0.018680398380324623,3,390,0.8537321424721827,1.9252520375132183,0.729008310228565,PRUNED
226,2.489277254487582,2026-06-02 18:16:00.208682,2026-06-02 18:16:03.478534,0 days 00:00:03.269852,0.5279541199403052,3.851897476449338,0.010495993037998757,3,427,1.413853394491853,1.212875142218759,0.7537806573915858,COMPLETE
227,2.4801357716597208,2026-06-02 18:16:03.487535,2026-06-02 18:16:06.231651,0 days 00:00:02.744116,0.8081895041005369,0.38387688792315977,0.03812189487737644,6,666,0.9747200220897323,1.8191832662519656,0.7539169352844447,PRUNED
228,2.1810570023224556,2026-06-02 18:16:06.240652,2026-06-02 18:16:07.260809,0 days 00:00:01.020157,0.5424615279413445,2.836665904227292,0.01816604860028076,2,428,0.3410457407694032,0.00832938747437291,0.6127169490543257,PRUNED
229,2.4845837009677023,2026-06-02 18:16:07.268809,2026-06-02 18:16:12.299700,0 days 00:00:05.030891,0.6322591563949522,3.0637104649857414,0.01022719522685873,3,690,0.06870884514925668,1.8426152406536969,0.727631004757759,COMPLETE
230,2.4927412071172137,2026-06-02 18:16:12.307699,2026-06-02 18:16:17.240994,0 days 00:00:04.933295,0.6631908878398365,4.552059275409331,0.010717289096455257,3,692,1.390078755271121,1.436680876913812,0.8635672485312065,COMPLETE
231,2.2900838904380203,2026-06-02 18:16:17.249995,2026-06-02 18:16:18.985124,0 days 00:00:01.735129,0.7360613843213862,2.2766598568111713,0.014523385530138763,3,795,0.3420964712396077,1.9390969069205795,0.8635616874423887,PRUNED
232,2.3227560174380364,2026-06-02 18:16:18.994125,2026-06-02 18:16:21.515954,0 days 00:00:02.521829,0.6300072120137911,3.428449226816962,0.017752248452520773,4,880,0.43356548376943455,1.9670688455473497,0.6735626004060662,PRUNED
233,2.4978518321373175,2026-06-02 18:16:21.524953,2026-06-02 18:16:24.549795,0 days 00:00:03.024842,0.6122345110981053,3.817907639285711,0.010032562134047537,3,389,0.6195615708405492,1.668806893220807,0.7978350728866633,COMPLETE
234,2.4918652915917594,2026-06-02 18:16:24.558797,2026-06-02 18:16:27.582763,0 days 00:00:03.023966,0.5212224581070627,2.790907654563901,0.016392447023786078,3,402,0.3571659880794631,0.2830098767214014,0.7816713095709711,COMPLETE
235,2.2003614683239165,2026-06-02 18:16:27.591761,2026-06-02 18:16:29.248973,0 days 00:00:01.657212,0.6997410235988057,2.6441473477160073,0.013326363566011051,2,730,0.17331872030370932,1.9904916120985146,0.6858367896499429,PRUNED
236,2.1894067915056676,2026-06-02 18:16:29.257975,2026-06-02 18:16:30.663059,0 days 00:00:01.405084,0.6385363426570275,2.458614194974084,0.01853727084118837,2,638,0.21664099429975336,1.6570288692614934,0.740039356677364,PRUNED
237,2.1795989239105515,2026-06-02 18:16:30.672057,2026-06-02 18:16:32.666725,0 days 00:00:01.994668,0.529804511324166,3.828737666907615,0.014837862335857908,3,746,0.23064145058255622,0.05628154743256637,0.709701890209572,PRUNED
238,2.1795515149022555,2026-06-02 18:16:32.675723,2026-06-02 18:16:33.875942,0 days 00:00:01.200219,0.5856358163181911,3.5215675592278366,0.013948616517226134,2,502,1.1566049579798365,1.7303456594737021,0.8674167887501573,PRUNED
239,2.3951668947014895,2026-06-02 18:16:33.884940,2026-06-02 18:16:35.447519,0 days 00:00:01.562579,0.9552100450570599,4.700427049878607,0.0274010045152423,4,540,1.8305863640446143,1.4339986011437824,0.9516132370416466,PRUNED
240,2.5327449394827264,2026-06-02 18:16:35.456518,2026-06-02 18:16:37.865854,0 days 00:00:02.409336,0.9251196695017497,2.5143699029112287,0.05738723685926086,9,661,0.8430808170495396,1.6261543404350933,0.6654140183594004,PRUNED
241,2.492970798644043,2026-06-02 18:16:37.873854,2026-06-02 18:16:40.426934,0 days 00:00:02.553080,0.563840811663459,4.19658386712189,0.013108897055725396,3,314,0.1375282853011285,0.5602538835074875,0.5276489812278959,COMPLETE
242,2.3088933505227107,2026-06-02 18:16:40.435931,2026-06-02 18:16:42.239056,0 days 00:00:01.803125,0.6210593663721883,4.8609969472562815,0.012689611335714552,6,397,0.5879048492435454,1.99770100407254,0.8074764498705645,PRUNED
243,2.204500033360558,2026-06-02 18:16:42.248054,2026-06-02 18:16:43.661789,0 days 00:00:01.413735,0.5464771482522314,3.032043046624718,0.017057584637363548,5,300,0.055237021362496364,0.5502340159470225,0.7833899179652991,PRUNED
244,2.4019951167115456,2026-06-02 18:16:43.671791,2026-06-02 18:16:47.114926,0 days 00:00:03.443135,0.5931377121084537,4.3023723007418155,0.021111574934090736,9,441,1.7879079173350214,0.11810132164115883,0.5589810371830284,PRUNED
245,2.188777672292782,2026-06-02 18:16:47.122926,2026-06-02 18:16:48.247069,0 days 00:00:01.124143,0.5000969832336942,3.0283298821443854,0.020114857298729912,2,496,0.7543699298594445,1.9334908926105154,0.8370479305191659,PRUNED
246,2.5291227906513964,2026-06-02 18:16:48.256066,2026-06-02 18:16:50.130306,0 days 00:00:01.874240,0.7580699834727583,1.8660565915912084,0.12396929415911374,8,497,1.4015820804237076,1.2994750213073138,0.5987962495381187,PRUNED
247,2.3595447270638568,2026-06-02 18:16:50.139307,2026-06-02 18:16:52.418955,0 days 00:00:02.279648,0.5303841841224268,3.5086517545134166,0.01663585354896701,6,524,1.121271753294622,1.343262366024652,0.908852789873341,PRUNED
248,2.346675723282898,2026-06-02 18:16:52.427952,2026-06-02 18:16:53.985816,0 days 00:00:01.557864,0.5475319913594189,4.758536454910124,0.03147410988877888,4,517,0.018666425504694398,0.17334823215223621,0.540909654186533,PRUNED
249,2.318528357025904,2026-06-02 18:16:53.993815,2026-06-02 18:16:55.336815,0 days 00:00:01.343000,0.6441384497718727,4.70252400971294,0.01914417976646397,5,352,1.1869750069573601,1.8262293496004296,0.8163967709675378,PRUNED
250,2.2874453779638824,2026-06-02 18:16:55.344817,2026-06-02 18:16:56.868427,0 days 00:00:01.523610,0.6680341720942047,4.206335637228116,0.016300809349176226,3,665,1.1120560257402696,1.3565824970525662,0.7058949598745657,PRUNED
251,2.3071676503439855,2026-06-02 18:16:56.877427,2026-06-02 18:16:58.445087,0 days 00:00:01.567660,0.6802193016269938,4.114781636588022,0.01572227174961864,4,519,1.0483664900992653,1.790500782578218,0.8352368079706697,PRUNED
252,2.4722720289676943,2026-06-02 18:16:58.453086,2026-06-02 18:17:02.059027,0 days 00:00:03.605941,0.5280237308980115,4.217347514333666,0.012102355037969024,4,359,0.9923432403782968,1.8498566953904911,0.8076446724054159,COMPLETE
253,2.1993375763116503,2026-06-02 18:17:02.068026,2026-06-02 18:17:04.478584,0 days 00:00:02.410558,0.6280953347471339,2.7560067676564595,0.012381488408647666,4,683,0.05324095626942865,1.8540913536351418,0.7023227559467777,PRUNED
254,2.192454063496685,2026-06-02 18:17:04.487586,2026-06-02 18:17:05.734615,0 days 00:00:01.247029,0.5066383590601105,2.4738224827948585,0.024157085230701664,4,333,0.5127068560106212,0.3065497692107562,0.9974473581611105,PRUNED
255,2.3403798129864706,2026-06-02 18:17:05.744613,2026-06-02 18:17:06.494722,0 days 00:00:00.750109,0.5408139115844639,3.350342196046809,0.01016538316525079,4,213,1.1207473215805188,1.8587263245880068,0.807442259535284,PRUNED
256,2.5559945261386803,2026-06-02 18:17:06.502723,2026-06-02 18:17:08.315734,0 days 00:00:01.813011,0.7514733347683622,2.9936799381046932,0.13159746904330155,8,995,0.918471821780835,1.0870941732193693,0.8496355802564173,PRUNED
257,2.186932976870234,2026-06-02 18:17:08.323733,2026-06-02 18:17:09.008734,0 days 00:00:00.685001,0.5840228234718736,4.225997990838991,0.044423255697015385,2,253,0.6474124886790908,0.16725787958682448,0.510226075145089,PRUNED
258,2.4927618070782644,2026-06-02 18:17:09.060734,2026-06-02 18:17:12.010983,0 days 00:00:02.950249,0.5782154848025817,4.432796660624014,0.017807248907593436,3,388,1.021018591929124,1.7325019972231999,0.8509748646628028,COMPLETE
259,2.3377558499444815,2026-06-02 18:17:12.019981,2026-06-02 18:17:14.052152,0 days 00:00:02.032171,0.7462327474090291,3.2434908055054206,0.014577237021952995,5,573,0.8434444097791824,0.36007366684281555,0.9480539969690231,PRUNED
260,2.1789562876496893,2026-06-02 18:17:14.061151,2026-06-02 18:17:15.111153,0 days 00:00:01.050002,0.6304082689342114,3.545513499058369,0.012159036328139671,4,257,0.20875084858326964,1.2704108677759494,0.6669231532320419,PRUNED
261,2.4858693332231736,2026-06-02 18:17:15.120151,2026-06-02 18:17:19.655385,0 days 00:00:04.535234,0.6172843759344967,3.3581736837666343,0.011642971554116144,3,619,0.6212830995405971,1.7414801294492095,0.6955751972879338,COMPLETE
262,2.188680833606871,2026-06-02 18:17:19.663384,2026-06-02 18:17:21.811135,0 days 00:00:02.147751,0.5425442819068881,4.556506763416494,0.01005038404456458,4,597,0.03842881869049947,1.4788348913066498,0.9590072457891776,PRUNED
263,2.317265694413065,2026-06-02 18:17:21.820133,2026-06-02 18:17:23.923942,0 days 00:00:02.103809,0.6085656223050859,4.776626519357558,0.010991287734342743,5,582,1.1433933772324179,1.3640988203257156,0.7617547001787461,PRUNED
264,2.180129759194026,2026-06-02 18:17:23.932943,2026-06-02 18:17:25.138945,0 days 00:00:01.206002,0.5647972140298826,4.064501809669785,0.016059273554489044,2,528,0.7785762844581212,1.659837444649316,0.6949826643718933,PRUNED
265,2.2914802828045167,2026-06-02 18:17:25.147944,2026-06-02 18:17:26.626692,0 days 00:00:01.478748,0.6737435711817951,4.6467149046089595,0.018714831593469455,3,661,0.2706732678218884,1.8342224005345948,0.6990216022675001,PRUNED
266,2.4466221974495697,2026-06-02 18:17:26.636690,2026-06-02 18:17:27.405690,0 days 00:00:00.769000,0.544747910267731,0.9672621158299948,0.0983585488207192,6,147,1.056632854755683,1.9786902720498176,0.6098656693458221,PRUNED
267,2.199815647617864,2026-06-02 18:17:27.414692,2026-06-02 18:17:28.708913,0 days 00:00:01.294221,0.5365012215112871,1.065965756648747,0.01140985143231271,5,272,0.0016143059561975481,0.44719852074925415,0.8492844433672653,PRUNED
268,2.3213663436794802,2026-06-02 18:17:28.717913,2026-06-02 18:17:29.617420,0 days 00:00:00.899507,0.5198936336990506,1.7382377363198278,0.011424898215245921,5,214,0.27570912924785695,1.9954276466467677,0.811937206006086,PRUNED
269,2.3343820223944913,2026-06-02 18:17:29.626420,2026-06-02 18:17:30.392935,0 days 00:00:00.766515,0.5169170533639607,2.872647918073858,0.01616089388002312,6,142,0.6129251970443161,1.415083465479189,0.8648119362154044,PRUNED
270,2.327562205862237,2026-06-02 18:17:30.401935,2026-06-02 18:17:31.114996,0 days 00:00:00.713061,0.9486144474719498,4.396576764948336,0.024735981840772032,4,197,0.14453971109160146,0.62017042115597,0.630268436659057,PRUNED
271,2.200951127621748,2026-06-02 18:17:31.123995,2026-06-02 18:17:32.651927,0 days 00:00:01.527932,0.6058584945906383,1.1868538990139714,0.01994394606329725,4,410,0.7251017310595734,1.1708551228276018,0.7348105691915547,PRUNED
272,2.226834105570458,2026-06-02 18:17:32.660927,2026-06-02 18:17:33.550571,0 days 00:00:00.889644,0.5207672548144061,3.674309805243152,0.011608330754825539,4,208,0.10591492430218769,1.401561155806328,0.864312570384935,PRUNED
273,2.4968704374518165,2026-06-02 18:17:33.559572,2026-06-02 18:17:38.094852,0 days 00:00:04.535280,0.5447231575819813,1.1713324865573251,0.014838921185520288,3,641,0.2909721392451881,1.8265818820856938,0.7858905911287982,COMPLETE
274,2.3209069973220253,2026-06-02 18:17:38.103852,2026-06-02 18:17:40.840047,0 days 00:00:02.736195,0.6250535829931598,3.6149107893498282,0.012194532339628614,9,306,1.663336612111634,1.289017781159741,0.5393197283107984,PRUNED
275,2.220010511129939,2026-06-02 18:17:40.848416,2026-06-02 18:17:42.884942,0 days 00:00:02.036526,0.5089196651709192,4.172689596388134,0.01338180064172724,5,464,0.8571035714460498,0.38696700161410125,0.985137966951566,PRUNED
276,2.515914957905233,2026-06-02 18:17:42.892942,2026-06-02 18:17:45.990571,0 days 00:00:03.097629,0.5264563163049951,2.339815251376435,0.014644232076131044,2,523,0.42730865480270286,1.812467228263661,0.7245284438118427,COMPLETE
277,2.3394636148194623,2026-06-02 18:17:46.000571,2026-06-02 18:17:47.248069,0 days 00:00:01.247498,0.5414774635987389,0.7086123483028226,0.026233256463517193,5,332,0.5361721225344848,0.4148283121910296,0.7887872021024916,PRUNED
278,2.1950752281888826,2026-06-02 18:17:47.257068,2026-06-02 18:17:49.652583,0 days 00:00:02.395515,0.5845451385491363,2.2183900081630847,0.011145943519606114,4,680,0.4363616244954961,1.9269610218660753,0.7175102833363545,PRUNED
279,2.490256004190525,2026-06-02 18:17:49.662585,2026-06-02 18:17:54.977021,0 days 00:00:05.314436,0.5336034956717384,2.502361575472682,0.010579417370617166,3,761,0.1295056715863293,1.9345471342738678,0.7572682577546153,COMPLETE
280,2.1974409225699625,2026-06-02 18:17:54.986021,2026-06-02 18:17:56.453748,0 days 00:00:01.467727,0.730531494557675,3.6468703266768534,0.012310591299745464,2,657,0.3364227122046309,1.2500049210868642,0.7384747017515386,PRUNED
281,2.1774617796827416,2026-06-02 18:17:56.461747,2026-06-02 18:17:57.840843,0 days 00:00:01.379096,0.6191765451648416,3.6083590599738646,0.010893836097643708,4,359,0.7330220648792918,1.655551863627921,0.8365572914353143,PRUNED
282,2.5557492978833842,2026-06-02 18:17:57.848841,2026-06-02 18:17:58.464937,0 days 00:00:00.616096,0.7184029070350764,3.774029893774747,0.20403430718367518,8,102,0.6697340536050238,0.5522169647519699,0.7752962558062184,PRUNED
283,2.4833901974951416,2026-06-02 18:17:58.471937,2026-06-02 18:18:02.061226,0 days 00:00:03.589289,0.5555892213861559,4.178753666191183,0.011176094079509315,3,487,1.9342315284421008,1.940471672618759,0.9354012329478647,COMPLETE
