number,value,datetime_start,datetime_complete,duration,params_colsample_bytree,params_gamma,params_learning_rate,params_max_depth,params_n_estimators,params_reg_alpha,params_reg_lambda,params_subsample,state
284,2.483252449357045,2026-06-02 18:18:02.069226,2026-06-02 18:18:06.169739,0 days 00:00:04.100513,0.6430005094215194,4.236409641630145,0.011552614681767324,3,561,0.5386872686313232,1.6085375016257901,0.6502022058362255,COMPLETE
285,2.1817116997310193,2026-06-02 18:18:06.178739,2026-06-02 18:18:07.772958,0 days 00:00:01.594219,0.6709915767656088,4.0489348315455285,0.012863251818163265,3,571,0.5281345520739004,1.2554392462358481,0.6587096865250786,PRUNED
286,2.2135284017245103,2026-06-02 18:18:07.780959,2026-06-02 18:18:09.698973,0 days 00:00:01.918014,0.5510093440847976,4.446970348771063,0.01958140204834887,4,556,1.6231605586720295,1.6037587962019235,0.9836771289399792,PRUNED
287,2.193938307076174,2026-06-02 18:18:09.706973,2026-06-02 18:18:12.216659,0 days 00:00:02.509686,0.5119436908238391,3.769880740557481,0.010618860163527716,4,721,1.1272645554213314,1.6924951468890772,0.7940677961963805,PRUNED
288,2.1788831474439756,2026-06-02 18:18:12.226660,2026-06-02 18:18:13.819799,0 days 00:00:01.593139,0.504199153286759,4.849661395217907,0.013426485145829998,4,428,0.4703808938075726,0.07050335324235524,0.657022645721307,PRUNED
289,2.2263430752808255,2026-06-02 18:18:13.828799,2026-06-02 18:18:15.888861,0 days 00:00:02.060062,0.5782674451236652,3.6126325004515127,0.02262088880919736,4,586,0.7550721970882948,1.7466434494811065,0.5600035389605098,PRUNED
290,2.198562660021885,2026-06-02 18:18:15.897392,2026-06-02 18:18:17.130910,0 days 00:00:01.233518,0.5016590499078442,4.755021486837344,0.013321108238543357,5,261,1.6344110286485194,1.5590684233313186,0.8597755896544564,PRUNED
291,2.4915909899361406,2026-06-02 18:18:17.140909,2026-06-02 18:18:20.289348,0 days 00:00:03.148439,0.5194907415168483,4.777521802799163,0.016601784225018547,3,429,1.7146166691937221,1.9340455258765452,0.908346529664365,COMPLETE
292,2.342080279625935,2026-06-02 18:18:20.298348,2026-06-02 18:18:22.446981,0 days 00:00:02.148633,0.7314570071783029,4.822799492676252,0.01357380217874051,5,610,0.6710480207150127,1.714886983543854,0.6964932705684488,PRUNED
293,2.433591783693457,2026-06-02 18:18:22.454981,2026-06-02 18:18:22.967533,0 days 00:00:00.512552,0.5516737203489702,3.0252375796536564,0.013975204375157865,2,214,1.9174845568249452,1.8390459421465735,0.9223876395687299,PRUNED
294,2.1860155186230723,2026-06-02 18:18:22.975533,2026-06-02 18:18:24.551757,0 days 00:00:01.576224,0.6119484876020765,4.380218983892551,0.014441061177793828,4,427,0.5654166687889773,1.3837908515928137,0.710703431453694,PRUNED
295,2.3126499149623236,2026-06-02 18:18:24.560757,2026-06-02 18:18:26.756423,0 days 00:00:02.195666,0.5280518957415286,4.632425722988085,0.011325810583017735,5,613,0.01640820860476254,0.7317035823244691,0.619320839808877,PRUNED
296,2.4741523148590203,2026-06-02 18:18:26.765424,2026-06-02 18:18:30.549827,0 days 00:00:03.784403,0.6240043295144061,2.417917927959817,0.010031676238975426,4,381,0.603967773315564,0.6596852473519306,0.7931240874002207,COMPLETE
297,2.294002399275321,2026-06-02 18:18:30.558829,2026-06-02 18:18:31.574830,0 days 00:00:01.016001,0.728105912901847,2.560750149933565,0.022735532843977526,4,316,0.4550242782270948,0.8977937607447746,0.7892804691583145,PRUNED
298,2.603400281803654,2026-06-02 18:18:31.583829,2026-06-02 18:18:34.435154,0 days 00:00:02.851325,0.7706079455505108,0.01872474977449956,0.07736231057760455,6,697,0.3139355572024788,0.7688313812912247,0.7324841062063152,PRUNED
299,2.4474193267731925,2026-06-02 18:18:34.444154,2026-06-02 18:18:36.287945,0 days 00:00:01.843791,0.6913991759884072,2.753316498992958,0.05666565988722188,10,318,1.8689337085678253,0.8243343338193391,0.763279385439041,PRUNED
